<?xml version="1.0" encoding="UTF-8"?>
<!-- Generated by org.testng.reporters.JUnitReportReporter -->
<testsuite hostname="ip-172-31-25-250" failures="0" tests="1" name="stepDefinition.testNG" time="56.465" errors="0" timestamp="18 Mar 2023 15:06:22 GMT" skipped="0">
  <testcase classname="stepDefinition.testNG" name="pizzaAddItemToBasketFlow" time="56.465"/>
</testsuite> <!-- stepDefinition.testNG -->
